C51 COMPILER V9.59.0.0   BH_1750                                                           05/30/2019 15:59:05 PAGE 1   


C51 COMPILER V9.59.0.0, COMPILATION OF MODULE BH_1750
OBJECT MODULE PLACED IN .\Objects\BH-1750.obj
COMPILER INVOKED BY: D:\Program Files\Keil-C51\C51\BIN\C51.EXE BH-1750.c OPTIMIZE(8,SPEED) BROWSE DEBUG OBJECTEXTEND PRI
                    -NT(.\Listings\BH-1750.lst) TABS(2) OBJECT(.\Objects\BH-1750.obj)

line level    source

   1          #include "BH-1750.h"
   2          #include "i2c.h"                                     
   3          #include "delay.h"             
   4          void BH1750_init() reentrant
   5          { 
   6   1         ms_Delay(100);  
   7   1         BH1750_write(power_down);
   8   1      }                  
   9                        
  10          
  11          void BH1750_write(unsigned char cmd) reentrant
  12          { 
  13   1         I2C_Start();
  14   1         I2C_Write(BH1750_write_cmd);        
  15   1         I2C_Write(cmd);                
  16   1         I2C_Stop();   
  17   1      }
  18          
  19                        
  20                                             
  21          unsigned int BH1750_read_word() reentrant
  22          {                      
  23   1         unsigned long value = 0; 
  24   1         unsigned char lb = 0;
  25   1         unsigned char hb = 0;
  26   1         
  27   1         I2C_Start();
  28   1         I2C_Write(BH1750_read_cmd);      
  29   1         hb = I2C_Read(1);  
  30   1         lb = I2C_Read(0);
  31   1         I2C_Stop();                           
  32   1         value = ((hb << 8) | lb);     
  33   1         return value;
  34   1      } 
  35          
  36          
  37          unsigned int get_lux_value(unsigned char mode, unsigned int delay_time) reentrant
  38          {
  39   1         unsigned long lux_value = 0;  
  40   1             BH1750_write(power_up);
  41   1             BH1750_write(mode);
  42   1             lux_value += BH1750_read_word();
  43   1             ms_Delay(delay_time);
  44   1             BH1750_write(power_down);
  45   1         return ((unsigned int)lux_value);
  46   1      }                                


MODULE INFORMATION:   STATIC OVERLAYABLE
   CODE SIZE        =    267    ----
   CONSTANT SIZE    =   ----    ----
   XDATA SIZE       =   ----    ----
   PDATA SIZE       =   ----    ----
   DATA SIZE        =   ----    ----
C51 COMPILER V9.59.0.0   BH_1750                                                           05/30/2019 15:59:05 PAGE 2   

   IDATA SIZE       =   ----    ----
   BIT SIZE         =   ----    ----
END OF MODULE INFORMATION.


C51 COMPILATION COMPLETE.  0 WARNING(S),  0 ERROR(S)
