C51 COMPILER V9.59.0.0   DELAY                                                             05/30/2019 15:59:04 PAGE 1   


C51 COMPILER V9.59.0.0, COMPILATION OF MODULE DELAY
OBJECT MODULE PLACED IN .\Objects\delay.obj
COMPILER INVOKED BY: D:\Program Files\Keil-C51\C51\BIN\C51.EXE delay.c OPTIMIZE(8,SPEED) BROWSE DEBUG OBJECTEXTEND PRINT
                    -(.\Listings\delay.lst) TABS(2) OBJECT(.\Objects\delay.obj)

line level    source

   1          #include"delay.h"
   2          
   3          void us_Delay(unsigned int us_count)
   4           {    
   5   1          while(us_count!=0)
   6   1            {
   7   2               us_count--;
   8   2             }
   9   1       }
  10          
  11          void ms_Delay(unsigned int ms_count)
  12           {
  13   1           while(ms_count!=0)
  14   1            {
  15   2               us_Delay(CountForOneMs);
  16   2                ms_count--;
  17   2            }
  18   1      
  19   1       }


MODULE INFORMATION:   STATIC OVERLAYABLE
   CODE SIZE        =     35    ----
   CONSTANT SIZE    =   ----    ----
   XDATA SIZE       =   ----    ----
   PDATA SIZE       =   ----    ----
   DATA SIZE        =   ----    ----
   IDATA SIZE       =   ----    ----
   BIT SIZE         =   ----    ----
END OF MODULE INFORMATION.


C51 COMPILATION COMPLETE.  0 WARNING(S),  0 ERROR(S)
