C51 COMPILER V9.59.0.0   DS1307                                                            04/03/2019 13:16:59 PAGE 1   


C51 COMPILER V9.59.0.0, COMPILATION OF MODULE DS1307
OBJECT MODULE PLACED IN .\Objects\ds1307.obj
COMPILER INVOKED BY: C:\Keil_v5\C51\BIN\C51.EXE ds1307.c OPTIMIZE(8,SPEED) BROWSE DEBUG OBJECTEXTEND PRINT(.\Listings\ds
                    -1307.lst) TABS(2) OBJECT(.\Objects\ds1307.obj)

line level    source

   1          #include"ds1307.h"
   2          #include"i2c.h"
   3          
   4          
   5          void DS1307_Init(){
   6   1        I2C_Init();
   7   1        I2C_Start();
   8   1        
   9   1        I2C_Write(DS1307WriteMode);
  10   1        I2C_Write(DS1307ControlRegAddress);
  11   1        
  12   1        I2C_Write(0x00);
  13   1        I2C_Stop();
  14   1      }
  15          void DS1307_SetDateTime(rtc_t *rtc)
  16          {
  17   1          I2C_Start();                          // Start I2C communication
  18   1      
  19   1          I2C_Write(DS1307WriteMode);      // connect to DS1307 by sending its ID on I2c Bus
  20   1          I2C_Write(DS1307SecondRegAddress); // Request sec RAM address at 00H
  21   1      
  22   1          I2C_Write(rtc->sec);                    // Write sec from RAM address 00H
  23   1          I2C_Write(rtc->min);                    // Write min from RAM address 01H
  24   1          I2C_Write(rtc->hour);                    // Write hour from RAM address 02H
  25   1          I2C_Write(rtc->weekDay);                // Write weekDay on RAM address 03H
  26   1          I2C_Write(rtc->date);                    // Write date on RAM address 04H
  27   1          I2C_Write(rtc->month);                    // Write month on RAM address 05H
  28   1          I2C_Write(rtc->year);                    // Write year on RAM address 06h
  29   1      
  30   1          I2C_Stop();                              // Stop I2C communication after Setting the Date
  31   1      }
  32          void DS1307_GetDateTime(rtc_t *rtc)
  33          {
  34   1          I2C_Start();                            // Start I2C communication
  35   1      
  36   1          I2C_Write(DS1307WriteMode);        // connect to DS1307 by sending its ID on I2c Bus
  37   1          I2C_Write(DS1307SecondRegAddress); // Request Sec RAM address at 00H
  38   1      
  39   1          I2C_Stop();                                // Stop I2C communication after selecting Sec Register
  40   1      
  41   1          I2C_Start();                            // Start I2C communication
  42   1          I2C_Write(DS1307ReadMode);            // connect to DS1307(Read mode) by sending its ID
  43   1      
  44   1          rtc->sec = I2C_Read(1);                // read second and return Positive ACK
  45   1          rtc->min = I2C_Read(1);                 // read minute and return Positive ACK
  46   1          rtc->hour= I2C_Read(1);               // read hour and return Negative/No ACK
  47   1          rtc->weekDay = I2C_Read(1);           // read weekDay and return Positive ACK
  48   1          rtc->date= I2C_Read(1);              // read Date and return Positive ACK
  49   1          rtc->month=I2C_Read(1);            // read Month and return Positive ACK
  50   1          rtc->year =I2C_Read(0);             // read Year and return Negative/No ACK
  51   1      
  52   1          I2C_Stop();                              // Stop I2C communication after reading the Date
  53   1      }

C51 COMPILER V9.59.0.0   DS1307                                                            04/03/2019 13:16:59 PAGE 2   


MODULE INFORMATION:   STATIC OVERLAYABLE
   CODE SIZE        =    311    ----
   CONSTANT SIZE    =   ----    ----
   XDATA SIZE       =   ----    ----
   PDATA SIZE       =   ----    ----
   DATA SIZE        =   ----       6
   IDATA SIZE       =   ----    ----
   BIT SIZE         =   ----    ----
END OF MODULE INFORMATION.


C51 COMPILATION COMPLETE.  0 WARNING(S),  0 ERROR(S)
