C51 COMPILER V9.59.0.0   I2C                                                               05/30/2019 15:59:04 PAGE 1   


C51 COMPILER V9.59.0.0, COMPILATION OF MODULE I2C
OBJECT MODULE PLACED IN .\Objects\i2c.obj
COMPILER INVOKED BY: D:\Program Files\Keil-C51\C51\BIN\C51.EXE i2c.c OPTIMIZE(8,SPEED) BROWSE DEBUG OBJECTEXTEND PRINT(.
                    -\Listings\i2c.lst) TABS(2) OBJECT(.\Objects\i2c.obj)

line level    source

   1          #include"delay.h"
   2          #include"i2c.h"
   3          
   4          void I2C_Init() reentrant{
   5   1        SCL=1;
   6   1        SDA=1;
   7   1      }
   8          static void I2C_Clock() reentrant{
   9   1        us_Delay(1);
  10   1        SCL=1;
  11   1        us_Delay(1);
  12   1        SCL=0;
  13   1      }
  14          static void I2C_ACK() reentrant{
  15   1        SDA=0;
  16   1        I2C_Clock();
  17   1        SDA=1;
  18   1      }
  19          static void I2C_NACK() reentrant{
  20   1        SDA=1;
  21   1        I2C_Clock();
  22   1        SCL=1;
  23   1      }
  24          void I2C_Start() reentrant{
  25   1        SCL=0;
  26   1        SDA=1;
  27   1        us_Delay(1);
  28   1        SCL=1;
  29   1        us_Delay(1);
  30   1        SDA=0;
  31   1        us_Delay(1);
  32   1        SCL=0;
  33   1      }
  34          void I2C_Stop() reentrant{
  35   1        SCL=0;
  36   1        us_Delay(1);
  37   1        SDA=0;
  38   1        us_Delay(1);
  39   1        SCL=1;
  40   1        us_Delay(1);
  41   1        SDA=1;
  42   1      }
  43            
  44          void I2C_Write(unsigned char data_source) reentrant {
  45   1        unsigned char i;
  46   1        for(i=0;i<8;i++){
  47   2          SDA=data_source&0x80;
  48   2          I2C_Clock();
  49   2          data_source=data_source<<1;
  50   2        }
  51   1        I2C_Clock();
  52   1      }
  53          unsigned char I2C_Read(unsigned char ack) reentrant{
  54   1        unsigned char i,dat=0x00;
C51 COMPILER V9.59.0.0   I2C                                                               05/30/2019 15:59:04 PAGE 2   

  55   1        SDA=1;
  56   1        for(i=0;i<8;i++){
  57   2          us_Delay(1);
  58   2          SCL=1;
  59   2          us_Delay(1);
  60   2          dat=dat<<1;
  61   2          dat=dat|SDA;
  62   2          SCL=0;
  63   2        }
  64   1        if(ack==1){
  65   2          I2C_ACK();
  66   2        }else{
  67   2          I2C_NACK();
  68   2        }
  69   1        return dat;
  70   1      }
  71          
  72          
  73          


MODULE INFORMATION:   STATIC OVERLAYABLE
   CODE SIZE        =    264    ----
   CONSTANT SIZE    =   ----    ----
   XDATA SIZE       =   ----    ----
   PDATA SIZE       =   ----    ----
   DATA SIZE        =   ----    ----
   IDATA SIZE       =   ----    ----
   BIT SIZE         =   ----    ----
END OF MODULE INFORMATION.


C51 COMPILATION COMPLETE.  0 WARNING(S),  0 ERROR(S)
