C51 COMPILER V9.59.0.0   LCD                                                               05/30/2019 15:59:04 PAGE 1   


C51 COMPILER V9.59.0.0, COMPILATION OF MODULE LCD
OBJECT MODULE PLACED IN .\Objects\lcd.obj
COMPILER INVOKED BY: D:\Program Files\Keil-C51\C51\BIN\C51.EXE lcd.c OPTIMIZE(8,SPEED) BROWSE DEBUG OBJECTEXTEND PRINT(.
                    -\Listings\lcd.lst) TABS(2) OBJECT(.\Objects\lcd.obj)

line level    source

   1          #include"delay.h"
   2          #include"lcd.h"
   3          
   4          
   5          void LCD_CMDWrite(unsigned char cmd) reentrant {
   6   1        ms_Delay(1);
   7   1        P2=(cmd & 0xF0);
   8   1        RS=0;
   9   1        EN=1;
  10   1        us_Delay(10);
  11   1        EN=0;
  12   1        ms_Delay(1);
  13   1        P2=((cmd<<4) & 0xF0);
  14   1        RS=0;
  15   1        EN=1;
  16   1        us_Delay(10);
  17   1        EN=0;
  18   1      }
  19          void LCD_Init() reentrant {
  20   1        LCD_CMDWrite(CMD_LCD_4BIT_MODE);
  21   1        LCD_CMDWrite(CMD_LCD_DISPLAY_ON_CURSOR_OFF);
  22   1        LCD_CMDWrite(0x06);
  23   1      }
  24          void LCD_DisplayChar(char ch) reentrant {
  25   1        ms_Delay(1);
  26   1        P2=(ch & 0xF0);
  27   1        RS=1;
  28   1        EN=1;
  29   1        us_Delay(10);
  30   1        EN=0;
  31   1        ms_Delay(1);
  32   1        P2=((ch<<4) & 0xF0);
  33   1        RS=1;
  34   1        EN=1;
  35   1        us_Delay(10);
  36   1        EN=0;
  37   1        }
  38          void LCD_DisplayString(char *string) reentrant {
  39   1        while(*string){
  40   2          LCD_DisplayChar(*string++);
  41   2        }
  42   1      }


MODULE INFORMATION:   STATIC OVERLAYABLE
   CODE SIZE        =    206    ----
   CONSTANT SIZE    =   ----    ----
   XDATA SIZE       =   ----    ----
   PDATA SIZE       =   ----    ----
   DATA SIZE        =   ----    ----
   IDATA SIZE       =   ----    ----
   BIT SIZE         =   ----    ----
END OF MODULE INFORMATION.


C51 COMPILATION COMPLETE.  0 WARNING(S),  0 ERROR(S)
