C51 COMPILER V9.59.0.0   PWM                                                               05/05/2019 17:30:06 PAGE 1   


C51 COMPILER V9.59.0.0, COMPILATION OF MODULE PWM
OBJECT MODULE PLACED IN .\Objects\pwm.obj
COMPILER INVOKED BY: D:\Program Files\Keil-C51\C51\BIN\C51.EXE pwm.c OPTIMIZE(8,SPEED) BROWSE DEBUG OBJECTEXTEND PRINT(.
                    -\Listings\pwm.lst) TABS(2) OBJECT(.\Objects\pwm.obj)

line level    source

   1          #include"pwm.h"
   2          
   3          unsigned char PWM_duty_cycle=50;
   4          volatile unsigned char cycleTime=0;
   5          bit PWM_Enabled=0;
   6          void PWM_Init(){
   7   1        TL0=0x00;
   8   1        TH0=0xDF;
   9   1        ET0=1;
  10   1      }
  11          
  12          void PWM_SetDutyCycle(unsigned char duty_cycle){
  13   1        if(duty_cycle>100)
  14   1          duty_cycle=100;
  15   1        PWM_duty_cycle=duty_cycle;
  16   1      }
  17          
  18          void PWM_Start(){
  19   1        PWM_Enabled=1;
  20   1        TR0=1;
  21   1      }
  22          
  23          void PWM_Stop(){
  24   1        PWM_Enabled=0;
  25   1        TR0|=PWM_Enabled;
  26   1      }
  27          
  28          void PWM_Trigger() interrupt 1{
  29   1        TF0=0;
  30   1        if(cycleTime>=100){
  31   2          cycleTime=0;
  32   2        }else{
  33   2          cycleTime++;
  34   2        }
  35   1        if(PWM_Enabled==1){
  36   2          if(cycleTime==PWM_duty_cycle){
  37   3            PWM_PIN=0;
  38   3          }else if(cycleTime==0){
  39   3            PWM_PIN=1;
  40   3          }
  41   2        }
  42   1      }
  43            


MODULE INFORMATION:   STATIC OVERLAYABLE
   CODE SIZE        =     94    ----
   CONSTANT SIZE    =   ----    ----
   XDATA SIZE       =   ----    ----
   PDATA SIZE       =   ----    ----
   DATA SIZE        =      2    ----
   IDATA SIZE       =   ----    ----
   BIT SIZE         =      1    ----
END OF MODULE INFORMATION.

C51 COMPILER V9.59.0.0   PWM                                                               05/05/2019 17:30:06 PAGE 2   


C51 COMPILATION COMPLETE.  0 WARNING(S),  0 ERROR(S)
