C51 COMPILER V9.59.0.0   SOURCE                                                            05/30/2019 15:59:04 PAGE 1   


C51 COMPILER V9.59.0.0, COMPILATION OF MODULE SOURCE
OBJECT MODULE PLACED IN .\Objects\source.obj
COMPILER INVOKED BY: D:\Program Files\Keil-C51\C51\BIN\C51.EXE source.c OPTIMIZE(8,SPEED) BROWSE DEBUG OBJECTEXTEND PRIN
                    -T(.\Listings\source.lst) TABS(2) OBJECT(.\Objects\source.obj)

line level    source

   1          #include <stdio.h>
   2          #include "lcd.h"
   3          #include"i2c1.h"
   4          #include "i2c.h"
   5          #include "uart.h"
   6          #include "delay.h"
   7          #include "BH-1750.h"
   8          
   9          unsigned long lux_value = 0;
  10          char str[6];
  11          unsigned char flag=0;
  12          unsigned char duty_cycle=0;
  13          
  14          void LED_Handler(char);
  15          void Update_Lux();
  16          void BLE() interrupt 4{
  17   1        if(TI==1){
  18   2          TI=0;
  19   2          return;
  20   2        }else{
  21   2          IE=0;
  22   2          if(SBUF==101){
  23   3            Update_Lux();
  24   3          }else if(97<=SBUF&&SBUF<=100){
  25   3            LED_Handler(SBUF);
  26   3          }
  27   2          RI=0;
  28   2          IE=0x90;
  29   2          return;
  30   2        }
  31   1      }
  32          void Update_Lux(){
  33   1            lux_value = get_lux_value(cont_L_res_mode,20);
  34   1            sprintf(str,"%06lu",lux_value);
  35   1            LCD_CMDWrite(0x87);
  36   1            LCD_DisplayString(str);
  37   1            sprintf(str,"%06lu\r\n",lux_value);
  38   1            UART_TxString(str);
  39   1            return;
  40   1      }
  41          void LED_Handler(unsigned char mode){
  42   1        if(mode==97){
  43   2          duty_cycle=0;
  44   2        }else if(mode==98){
  45   2          duty_cycle=255;
  46   2        }
  47   1        else if(mode==99){
  48   2          if(duty_cycle==255)
  49   2            return;
  50   2          duty_cycle++;
  51   2        }else if(mode==100){
  52   2          if(duty_cycle==0)
  53   2            return;
  54   2          duty_cycle--;
C51 COMPILER V9.59.0.0   SOURCE                                                            05/30/2019 15:59:04 PAGE 2   

  55   2        }
  56   1        I2C_Start1();
  57   1        I2C_Write1(0xFE);
  58   1        I2C_Write1(duty_cycle);
  59   1        I2C_Stop1();
  60   1        sprintf(str,"%03d",(int)duty_cycle);
  61   1        LCD_CMDWrite(0xCB);
  62   1        LCD_DisplayString(str);
  63   1        return;
  64   1      }
  65          
  66          void main(){
  67   1        unsigned char i=0;
  68   1        UART_Init(0xFD);
  69   1        LCD_Init();
  70   1        I2C_Init();
  71   1        I2C_Init1();
  72   1        BH1750_init();
  73   1        LCD_CMDWrite(0x80);
  74   1        LCD_DisplayString("Lux:");
  75   1        LCD_CMDWrite(0xC0);
  76   1        LCD_DisplayString("LED POWER:");
  77   1        IE=0x90;
  78   1          while(1){
  79   2          }
  80   1        }


MODULE INFORMATION:   STATIC OVERLAYABLE
   CODE SIZE        =    366    ----
   CONSTANT SIZE    =     35    ----
   XDATA SIZE       =   ----    ----
   PDATA SIZE       =   ----    ----
   DATA SIZE        =     12       1
   IDATA SIZE       =   ----    ----
   BIT SIZE         =   ----    ----
END OF MODULE INFORMATION.


C51 COMPILATION COMPLETE.  0 WARNING(S),  0 ERROR(S)
