C51 COMPILER V9.59.0.0   UART                                                              05/30/2019 15:59:05 PAGE 1   


C51 COMPILER V9.59.0.0, COMPILATION OF MODULE UART
OBJECT MODULE PLACED IN .\Objects\uart.obj
COMPILER INVOKED BY: D:\Program Files\Keil-C51\C51\BIN\C51.EXE uart.c OPTIMIZE(8,SPEED) BROWSE DEBUG OBJECTEXTEND PRINT(
                    -.\Listings\uart.lst) TABS(2) OBJECT(.\Objects\uart.obj)

line level    source

   1          #include"uart.h"
   2          #include"delay.h"
   3          void UART_Init(unsigned char TH){
   4   1        TMOD=0x22; // timer 1 in mode 2 (8-bit auto-reload) to set baud rate
   5   1        TH1=TH;
   6   1        SCON=0x50;
   7   1        TR1=1;
   8   1      }
   9          void UART_TxChar(char ch){
  10   1        SBUF=ch;
  11   1        while(TI==0);
  12   1        TI=0;
  13   1      }
  14          //char UART_RxChar(){
  15          //  while(RI==0);
  16          //  RI=0;
  17          //  return SBUF;
  18          //}
  19          void UART_TxString(char* str){
  20   1        while(*str){
  21   2          ms_Delay(1);
  22   2          UART_TxChar(*str++);
  23   2        }
  24   1      }
  25          
  26          //unsigned char UART_RxString(char *ptr_string)
  27          //{
  28          //    char ch;
  29          //    unsigned char len = 0;
  30          //    while(1)
  31          //    {
  32          //        ch=UART_RxChar();    //Receive a char
  33          //        UART_TxChar(ch);     //Echo back the received char
  34          
  35          //        if((ch=='\r') || (ch=='\n')) //read till enter key is pressed
  36          //        {                             //once enter key is pressed null terminate the string
  37          //            ptr_string[len]=0;           //and break the loop
  38          //            break;                  
  39          //        }
  40          //        else if((ch=='\b') && (len!=0))
  41          //        {
  42          //            len--;    //If backspace is pressed then decrement the index to remove the old char
  43          //        }
  44          //        else
  45          //        {
  46          //            ptr_string[len]=ch; //copy the char into string and increment the index
  47          //            len++;
  48          //        }
  49          //    }
  50          //  return len;   
  51          //}


MODULE INFORMATION:   STATIC OVERLAYABLE
C51 COMPILER V9.59.0.0   UART                                                              05/30/2019 15:59:05 PAGE 2   

   CODE SIZE        =     67    ----
   CONSTANT SIZE    =   ----    ----
   XDATA SIZE       =   ----    ----
   PDATA SIZE       =   ----    ----
   DATA SIZE        =   ----       3
   IDATA SIZE       =   ----    ----
   BIT SIZE         =   ----    ----
END OF MODULE INFORMATION.


C51 COMPILATION COMPLETE.  0 WARNING(S),  0 ERROR(S)
